[10-May-2020 13:25:38 UTC] PHP Fatal error:  Uncaught Error: Call to undefined function mysql_connect() in /var/www/html/rivelian/wp-includes/wp-db.php:1658
Stack trace:
#0 /var/www/html/rivelian/wp-includes/wp-db.php(631): wpdb->db_connect()
#1 /var/www/html/rivelian/wp-includes/load.php(426): wpdb->__construct('devuser', 'devpass', 'rivelian', 'localhost')
#2 /var/www/html/rivelian/wp-settings.php(126): require_wp_db()
#3 /var/www/html/rivelian/wp-config.php(93): require_once('/var/www/html/r...')
#4 /var/www/html/rivelian/wp-load.php(37): require_once('/var/www/html/r...')
#5 /var/www/html/rivelian/wp-blog-header.php(13): require_once('/var/www/html/r...')
#6 /var/www/html/rivelian/index.php(18): require('/var/www/html/r...')
#7 {main}
  thrown in /var/www/html/rivelian/wp-includes/wp-db.php on line 1658
[10-May-2020 13:29:41 UTC] PHP Fatal error:  Uncaught Error: Call to undefined function mysql_connect() in /var/www/html/rivelian/wp-includes/wp-db.php:1658
Stack trace:
#0 /var/www/html/rivelian/wp-includes/wp-db.php(631): wpdb->db_connect()
#1 /var/www/html/rivelian/wp-includes/load.php(426): wpdb->__construct('devuser', 'devpass', 'rivelian', 'localhost')
#2 /var/www/html/rivelian/wp-settings.php(126): require_wp_db()
#3 /var/www/html/rivelian/wp-config.php(93): require_once('/var/www/html/r...')
#4 /var/www/html/rivelian/wp-load.php(37): require_once('/var/www/html/r...')
#5 /var/www/html/rivelian/wp-blog-header.php(13): require_once('/var/www/html/r...')
#6 /var/www/html/rivelian/index.php(18): require('/var/www/html/r...')
#7 {main}
  thrown in /var/www/html/rivelian/wp-includes/wp-db.php on line 1658
[10-May-2020 13:29:43 UTC] PHP Fatal error:  Uncaught Error: Call to undefined function mysql_connect() in /var/www/html/rivelian/wp-includes/wp-db.php:1658
Stack trace:
#0 /var/www/html/rivelian/wp-includes/wp-db.php(631): wpdb->db_connect()
#1 /var/www/html/rivelian/wp-includes/load.php(426): wpdb->__construct('devuser', 'devpass', 'rivelian', 'localhost')
#2 /var/www/html/rivelian/wp-settings.php(126): require_wp_db()
#3 /var/www/html/rivelian/wp-config.php(93): require_once('/var/www/html/r...')
#4 /var/www/html/rivelian/wp-load.php(37): require_once('/var/www/html/r...')
#5 /var/www/html/rivelian/wp-blog-header.php(13): require_once('/var/www/html/r...')
#6 /var/www/html/rivelian/index.php(18): require('/var/www/html/r...')
#7 {main}
  thrown in /var/www/html/rivelian/wp-includes/wp-db.php on line 1658
[10-May-2020 13:37:30 UTC] PHP Fatal error:  Uncaught Error: Call to undefined function mysqli_init() in /var/www/html/rivelian/wp-includes/wp-db.php:1603
Stack trace:
#0 /var/www/html/rivelian/wp-includes/wp-db.php(631): wpdb->db_connect()
#1 /var/www/html/rivelian/wp-includes/load.php(426): wpdb->__construct('devuser', 'devpass', 'rivelian', 'localhost')
#2 /var/www/html/rivelian/wp-settings.php(126): require_wp_db()
#3 /var/www/html/rivelian/wp-config.php(93): require_once('/var/www/html/r...')
#4 /var/www/html/rivelian/wp-load.php(37): require_once('/var/www/html/r...')
#5 /var/www/html/rivelian/wp-blog-header.php(13): require_once('/var/www/html/r...')
#6 /var/www/html/rivelian/index.php(18): require('/var/www/html/r...')
#7 {main}
  thrown in /var/www/html/rivelian/wp-includes/wp-db.php on line 1603
[10-May-2020 14:09:53 UTC] PHP Fatal error:  Uncaught Error: Call to undefined function mysqli_init() in /var/www/html/rivelian/wp-includes/wp-db.php:1603
Stack trace:
#0 /var/www/html/rivelian/wp-includes/wp-db.php(631): wpdb->db_connect()
#1 /var/www/html/rivelian/wp-includes/load.php(426): wpdb->__construct('devuser', 'devpass', 'rivelian', 'localhost')
#2 /var/www/html/rivelian/wp-settings.php(126): require_wp_db()
#3 /var/www/html/rivelian/wp-config.php(93): require_once('/var/www/html/r...')
#4 /var/www/html/rivelian/wp-load.php(37): require_once('/var/www/html/r...')
#5 /var/www/html/rivelian/wp-blog-header.php(13): require_once('/var/www/html/r...')
#6 /var/www/html/rivelian/index.php(18): require('/var/www/html/r...')
#7 {main}
  thrown in /var/www/html/rivelian/wp-includes/wp-db.php on line 1603
[10-May-2020 14:09:54 UTC] PHP Fatal error:  Uncaught Error: Call to undefined function mysqli_init() in /var/www/html/rivelian/wp-includes/wp-db.php:1603
Stack trace:
#0 /var/www/html/rivelian/wp-includes/wp-db.php(631): wpdb->db_connect()
#1 /var/www/html/rivelian/wp-includes/load.php(426): wpdb->__construct('devuser', 'devpass', 'rivelian', 'localhost')
#2 /var/www/html/rivelian/wp-settings.php(126): require_wp_db()
#3 /var/www/html/rivelian/wp-config.php(93): require_once('/var/www/html/r...')
#4 /var/www/html/rivelian/wp-load.php(37): require_once('/var/www/html/r...')
#5 /var/www/html/rivelian/wp-blog-header.php(13): require_once('/var/www/html/r...')
#6 /var/www/html/rivelian/index.php(18): require('/var/www/html/r...')
#7 {main}
  thrown in /var/www/html/rivelian/wp-includes/wp-db.php on line 1603
[10-May-2020 14:09:55 UTC] PHP Fatal error:  Uncaught Error: Call to undefined function mysqli_init() in /var/www/html/rivelian/wp-includes/wp-db.php:1603
Stack trace:
#0 /var/www/html/rivelian/wp-includes/wp-db.php(631): wpdb->db_connect()
#1 /var/www/html/rivelian/wp-includes/load.php(426): wpdb->__construct('devuser', 'devpass', 'rivelian', 'localhost')
#2 /var/www/html/rivelian/wp-settings.php(126): require_wp_db()
#3 /var/www/html/rivelian/wp-config.php(93): require_once('/var/www/html/r...')
#4 /var/www/html/rivelian/wp-load.php(37): require_once('/var/www/html/r...')
#5 /var/www/html/rivelian/wp-blog-header.php(13): require_once('/var/www/html/r...')
#6 /var/www/html/rivelian/index.php(18): require('/var/www/html/r...')
#7 {main}
  thrown in /var/www/html/rivelian/wp-includes/wp-db.php on line 1603
[10-May-2020 14:09:55 UTC] PHP Fatal error:  Uncaught Error: Call to undefined function mysqli_init() in /var/www/html/rivelian/wp-includes/wp-db.php:1603
Stack trace:
#0 /var/www/html/rivelian/wp-includes/wp-db.php(631): wpdb->db_connect()
#1 /var/www/html/rivelian/wp-includes/load.php(426): wpdb->__construct('devuser', 'devpass', 'rivelian', 'localhost')
#2 /var/www/html/rivelian/wp-settings.php(126): require_wp_db()
#3 /var/www/html/rivelian/wp-config.php(93): require_once('/var/www/html/r...')
#4 /var/www/html/rivelian/wp-load.php(37): require_once('/var/www/html/r...')
#5 /var/www/html/rivelian/wp-blog-header.php(13): require_once('/var/www/html/r...')
#6 /var/www/html/rivelian/index.php(18): require('/var/www/html/r...')
#7 {main}
  thrown in /var/www/html/rivelian/wp-includes/wp-db.php on line 1603
[10-May-2020 14:09:57 UTC] PHP Fatal error:  Uncaught Error: Call to undefined function mysqli_init() in /var/www/html/rivelian/wp-includes/wp-db.php:1603
Stack trace:
#0 /var/www/html/rivelian/wp-includes/wp-db.php(631): wpdb->db_connect()
#1 /var/www/html/rivelian/wp-includes/load.php(426): wpdb->__construct('devuser', 'devpass', 'rivelian', 'localhost')
#2 /var/www/html/rivelian/wp-settings.php(126): require_wp_db()
#3 /var/www/html/rivelian/wp-config.php(93): require_once('/var/www/html/r...')
#4 /var/www/html/rivelian/wp-load.php(37): require_once('/var/www/html/r...')
#5 /var/www/html/rivelian/wp-blog-header.php(13): require_once('/var/www/html/r...')
#6 /var/www/html/rivelian/index.php(18): require('/var/www/html/r...')
#7 {main}
  thrown in /var/www/html/rivelian/wp-includes/wp-db.php on line 1603
[10-May-2020 14:09:58 UTC] PHP Fatal error:  Uncaught Error: Call to undefined function mysqli_init() in /var/www/html/rivelian/wp-includes/wp-db.php:1603
Stack trace:
#0 /var/www/html/rivelian/wp-includes/wp-db.php(631): wpdb->db_connect()
#1 /var/www/html/rivelian/wp-includes/load.php(426): wpdb->__construct('devuser', 'devpass', 'rivelian', 'localhost')
#2 /var/www/html/rivelian/wp-settings.php(126): require_wp_db()
#3 /var/www/html/rivelian/wp-config.php(93): require_once('/var/www/html/r...')
#4 /var/www/html/rivelian/wp-load.php(37): require_once('/var/www/html/r...')
#5 /var/www/html/rivelian/wp-blog-header.php(13): require_once('/var/www/html/r...')
#6 /var/www/html/rivelian/index.php(18): require('/var/www/html/r...')
#7 {main}
  thrown in /var/www/html/rivelian/wp-includes/wp-db.php on line 1603
[10-May-2020 14:10:36 UTC] PHP Fatal error:  Uncaught Error: Call to undefined function mysql_connect() in /var/www/html/rivelian/wp-includes/wp-db.php:1658
Stack trace:
#0 /var/www/html/rivelian/wp-includes/wp-db.php(631): wpdb->db_connect()
#1 /var/www/html/rivelian/wp-includes/load.php(426): wpdb->__construct('devuser', 'devpass', 'rivelian', 'localhost')
#2 /var/www/html/rivelian/wp-settings.php(126): require_wp_db()
#3 /var/www/html/rivelian/wp-config.php(93): require_once('/var/www/html/r...')
#4 /var/www/html/rivelian/wp-load.php(37): require_once('/var/www/html/r...')
#5 /var/www/html/rivelian/wp-blog-header.php(13): require_once('/var/www/html/r...')
#6 /var/www/html/rivelian/index.php(17): require('/var/www/html/r...')
#7 {main}
  thrown in /var/www/html/rivelian/wp-includes/wp-db.php on line 1658
[10-May-2020 14:10:37 UTC] PHP Fatal error:  Uncaught Error: Call to undefined function mysql_connect() in /var/www/html/rivelian/wp-includes/wp-db.php:1658
Stack trace:
#0 /var/www/html/rivelian/wp-includes/wp-db.php(631): wpdb->db_connect()
#1 /var/www/html/rivelian/wp-includes/load.php(426): wpdb->__construct('devuser', 'devpass', 'rivelian', 'localhost')
#2 /var/www/html/rivelian/wp-settings.php(126): require_wp_db()
#3 /var/www/html/rivelian/wp-config.php(93): require_once('/var/www/html/r...')
#4 /var/www/html/rivelian/wp-load.php(37): require_once('/var/www/html/r...')
#5 /var/www/html/rivelian/wp-blog-header.php(13): require_once('/var/www/html/r...')
#6 /var/www/html/rivelian/index.php(17): require('/var/www/html/r...')
#7 {main}
  thrown in /var/www/html/rivelian/wp-includes/wp-db.php on line 1658
[10-May-2020 14:10:38 UTC] PHP Fatal error:  Uncaught Error: Call to undefined function mysql_connect() in /var/www/html/rivelian/wp-includes/wp-db.php:1658
Stack trace:
#0 /var/www/html/rivelian/wp-includes/wp-db.php(631): wpdb->db_connect()
#1 /var/www/html/rivelian/wp-includes/load.php(426): wpdb->__construct('devuser', 'devpass', 'rivelian', 'localhost')
#2 /var/www/html/rivelian/wp-settings.php(126): require_wp_db()
#3 /var/www/html/rivelian/wp-config.php(93): require_once('/var/www/html/r...')
#4 /var/www/html/rivelian/wp-load.php(37): require_once('/var/www/html/r...')
#5 /var/www/html/rivelian/wp-blog-header.php(13): require_once('/var/www/html/r...')
#6 /var/www/html/rivelian/index.php(17): require('/var/www/html/r...')
#7 {main}
  thrown in /var/www/html/rivelian/wp-includes/wp-db.php on line 1658
[10-May-2020 14:10:38 UTC] PHP Fatal error:  Uncaught Error: Call to undefined function mysql_connect() in /var/www/html/rivelian/wp-includes/wp-db.php:1658
Stack trace:
#0 /var/www/html/rivelian/wp-includes/wp-db.php(631): wpdb->db_connect()
#1 /var/www/html/rivelian/wp-includes/load.php(426): wpdb->__construct('devuser', 'devpass', 'rivelian', 'localhost')
#2 /var/www/html/rivelian/wp-settings.php(126): require_wp_db()
#3 /var/www/html/rivelian/wp-config.php(93): require_once('/var/www/html/r...')
#4 /var/www/html/rivelian/wp-load.php(37): require_once('/var/www/html/r...')
#5 /var/www/html/rivelian/wp-blog-header.php(13): require_once('/var/www/html/r...')
#6 /var/www/html/rivelian/index.php(17): require('/var/www/html/r...')
#7 {main}
  thrown in /var/www/html/rivelian/wp-includes/wp-db.php on line 1658
[10-May-2020 14:10:38 UTC] PHP Fatal error:  Uncaught Error: Call to undefined function mysql_connect() in /var/www/html/rivelian/wp-includes/wp-db.php:1658
Stack trace:
#0 /var/www/html/rivelian/wp-includes/wp-db.php(631): wpdb->db_connect()
#1 /var/www/html/rivelian/wp-includes/load.php(426): wpdb->__construct('devuser', 'devpass', 'rivelian', 'localhost')
#2 /var/www/html/rivelian/wp-settings.php(126): require_wp_db()
#3 /var/www/html/rivelian/wp-config.php(93): require_once('/var/www/html/r...')
#4 /var/www/html/rivelian/wp-load.php(37): require_once('/var/www/html/r...')
#5 /var/www/html/rivelian/wp-blog-header.php(13): require_once('/var/www/html/r...')
#6 /var/www/html/rivelian/index.php(17): require('/var/www/html/r...')
#7 {main}
  thrown in /var/www/html/rivelian/wp-includes/wp-db.php on line 1658
[10-May-2020 14:11:04 UTC] PHP Fatal error:  Uncaught Error: Call to undefined function mysqli_init() in /var/www/html/rivelian/wp-includes/wp-db.php:1603
Stack trace:
#0 /var/www/html/rivelian/wp-includes/wp-db.php(631): wpdb->db_connect()
#1 /var/www/html/rivelian/wp-includes/load.php(426): wpdb->__construct('devuser', 'devpass', 'rivelian', 'localhost')
#2 /var/www/html/rivelian/wp-settings.php(126): require_wp_db()
#3 /var/www/html/rivelian/wp-config.php(93): require_once('/var/www/html/r...')
#4 /var/www/html/rivelian/wp-load.php(37): require_once('/var/www/html/r...')
#5 /var/www/html/rivelian/wp-blog-header.php(13): require_once('/var/www/html/r...')
#6 /var/www/html/rivelian/index.php(17): require('/var/www/html/r...')
#7 {main}
  thrown in /var/www/html/rivelian/wp-includes/wp-db.php on line 1603
[10-May-2020 14:12:06 UTC] PHP Fatal error:  Uncaught Error: Call to undefined function mysqli_init() in /var/www/html/rivelian/wp-includes/wp-db.php:1603
Stack trace:
#0 /var/www/html/rivelian/wp-includes/wp-db.php(631): wpdb->db_connect()
#1 /var/www/html/rivelian/wp-includes/load.php(426): wpdb->__construct('devuser', 'devpass', 'rivelian', 'localhost')
#2 /var/www/html/rivelian/wp-settings.php(126): require_wp_db()
#3 /var/www/html/rivelian/wp-config.php(93): require_once('/var/www/html/r...')
#4 /var/www/html/rivelian/wp-load.php(37): require_once('/var/www/html/r...')
#5 /var/www/html/rivelian/wp-blog-header.php(13): require_once('/var/www/html/r...')
#6 /var/www/html/rivelian/index.php(17): require('/var/www/html/r...')
#7 {main}
  thrown in /var/www/html/rivelian/wp-includes/wp-db.php on line 1603
[10-May-2020 14:12:07 UTC] PHP Fatal error:  Uncaught Error: Call to undefined function mysqli_init() in /var/www/html/rivelian/wp-includes/wp-db.php:1603
Stack trace:
#0 /var/www/html/rivelian/wp-includes/wp-db.php(631): wpdb->db_connect()
#1 /var/www/html/rivelian/wp-includes/load.php(426): wpdb->__construct('devuser', 'devpass', 'rivelian', 'localhost')
#2 /var/www/html/rivelian/wp-settings.php(126): require_wp_db()
#3 /var/www/html/rivelian/wp-config.php(93): require_once('/var/www/html/r...')
#4 /var/www/html/rivelian/wp-load.php(37): require_once('/var/www/html/r...')
#5 /var/www/html/rivelian/wp-blog-header.php(13): require_once('/var/www/html/r...')
#6 /var/www/html/rivelian/index.php(17): require('/var/www/html/r...')
#7 {main}
  thrown in /var/www/html/rivelian/wp-includes/wp-db.php on line 1603
[10-May-2020 14:12:08 UTC] PHP Fatal error:  Uncaught Error: Call to undefined function mysqli_init() in /var/www/html/rivelian/wp-includes/wp-db.php:1603
Stack trace:
#0 /var/www/html/rivelian/wp-includes/wp-db.php(631): wpdb->db_connect()
#1 /var/www/html/rivelian/wp-includes/load.php(426): wpdb->__construct('devuser', 'devpass', 'rivelian', 'localhost')
#2 /var/www/html/rivelian/wp-settings.php(126): require_wp_db()
#3 /var/www/html/rivelian/wp-config.php(93): require_once('/var/www/html/r...')
#4 /var/www/html/rivelian/wp-load.php(37): require_once('/var/www/html/r...')
#5 /var/www/html/rivelian/wp-blog-header.php(13): require_once('/var/www/html/r...')
#6 /var/www/html/rivelian/index.php(17): require('/var/www/html/r...')
#7 {main}
  thrown in /var/www/html/rivelian/wp-includes/wp-db.php on line 1603
[10-May-2020 14:12:08 UTC] PHP Fatal error:  Uncaught Error: Call to undefined function mysqli_init() in /var/www/html/rivelian/wp-includes/wp-db.php:1603
Stack trace:
#0 /var/www/html/rivelian/wp-includes/wp-db.php(631): wpdb->db_connect()
#1 /var/www/html/rivelian/wp-includes/load.php(426): wpdb->__construct('devuser', 'devpass', 'rivelian', 'localhost')
#2 /var/www/html/rivelian/wp-settings.php(126): require_wp_db()
#3 /var/www/html/rivelian/wp-config.php(93): require_once('/var/www/html/r...')
#4 /var/www/html/rivelian/wp-load.php(37): require_once('/var/www/html/r...')
#5 /var/www/html/rivelian/wp-blog-header.php(13): require_once('/var/www/html/r...')
#6 /var/www/html/rivelian/index.php(17): require('/var/www/html/r...')
#7 {main}
  thrown in /var/www/html/rivelian/wp-includes/wp-db.php on line 1603
[10-May-2020 14:12:08 UTC] PHP Fatal error:  Uncaught Error: Call to undefined function mysqli_init() in /var/www/html/rivelian/wp-includes/wp-db.php:1603
Stack trace:
#0 /var/www/html/rivelian/wp-includes/wp-db.php(631): wpdb->db_connect()
#1 /var/www/html/rivelian/wp-includes/load.php(426): wpdb->__construct('devuser', 'devpass', 'rivelian', 'localhost')
#2 /var/www/html/rivelian/wp-settings.php(126): require_wp_db()
#3 /var/www/html/rivelian/wp-config.php(93): require_once('/var/www/html/r...')
#4 /var/www/html/rivelian/wp-load.php(37): require_once('/var/www/html/r...')
#5 /var/www/html/rivelian/wp-blog-header.php(13): require_once('/var/www/html/r...')
#6 /var/www/html/rivelian/index.php(17): require('/var/www/html/r...')
#7 {main}
  thrown in /var/www/html/rivelian/wp-includes/wp-db.php on line 1603
[10-May-2020 14:12:09 UTC] PHP Fatal error:  Uncaught Error: Call to undefined function mysqli_init() in /var/www/html/rivelian/wp-includes/wp-db.php:1603
Stack trace:
#0 /var/www/html/rivelian/wp-includes/wp-db.php(631): wpdb->db_connect()
#1 /var/www/html/rivelian/wp-includes/load.php(426): wpdb->__construct('devuser', 'devpass', 'rivelian', 'localhost')
#2 /var/www/html/rivelian/wp-settings.php(126): require_wp_db()
#3 /var/www/html/rivelian/wp-config.php(93): require_once('/var/www/html/r...')
#4 /var/www/html/rivelian/wp-load.php(37): require_once('/var/www/html/r...')
#5 /var/www/html/rivelian/wp-blog-header.php(13): require_once('/var/www/html/r...')
#6 /var/www/html/rivelian/index.php(17): require('/var/www/html/r...')
#7 {main}
  thrown in /var/www/html/rivelian/wp-includes/wp-db.php on line 1603
[10-May-2020 14:12:09 UTC] PHP Fatal error:  Uncaught Error: Call to undefined function mysqli_init() in /var/www/html/rivelian/wp-includes/wp-db.php:1603
Stack trace:
#0 /var/www/html/rivelian/wp-includes/wp-db.php(631): wpdb->db_connect()
#1 /var/www/html/rivelian/wp-includes/load.php(426): wpdb->__construct('devuser', 'devpass', 'rivelian', 'localhost')
#2 /var/www/html/rivelian/wp-settings.php(126): require_wp_db()
#3 /var/www/html/rivelian/wp-config.php(93): require_once('/var/www/html/r...')
#4 /var/www/html/rivelian/wp-load.php(37): require_once('/var/www/html/r...')
#5 /var/www/html/rivelian/wp-blog-header.php(13): require_once('/var/www/html/r...')
#6 /var/www/html/rivelian/index.php(17): require('/var/www/html/r...')
#7 {main}
  thrown in /var/www/html/rivelian/wp-includes/wp-db.php on line 1603
[10-May-2020 14:19:43 UTC] PHP Fatal error:  Uncaught Error: Call to undefined function mysqli_init() in /var/www/html/rivelian/wp-includes/wp-db.php:1603
Stack trace:
#0 /var/www/html/rivelian/wp-includes/wp-db.php(631): wpdb->db_connect()
#1 /var/www/html/rivelian/wp-includes/load.php(426): wpdb->__construct('devuser', 'devpass', 'rivelian', 'localhost')
#2 /var/www/html/rivelian/wp-settings.php(126): require_wp_db()
#3 /var/www/html/rivelian/wp-config.php(93): require_once('/var/www/html/r...')
#4 /var/www/html/rivelian/wp-load.php(37): require_once('/var/www/html/r...')
#5 /var/www/html/rivelian/wp-blog-header.php(13): require_once('/var/www/html/r...')
#6 /var/www/html/rivelian/index.php(17): require('/var/www/html/r...')
#7 {main}
  thrown in /var/www/html/rivelian/wp-includes/wp-db.php on line 1603
[10-May-2020 14:33:10 UTC] PHP Fatal error:  Uncaught Error: Call to undefined function mysqli_init() in /var/www/html/rivelian/wp-includes/wp-db.php:1603
Stack trace:
#0 /var/www/html/rivelian/wp-includes/wp-db.php(631): wpdb->db_connect()
#1 /var/www/html/rivelian/wp-includes/load.php(426): wpdb->__construct('devuser', 'devpass', 'rivelian', 'localhost')
#2 /var/www/html/rivelian/wp-settings.php(126): require_wp_db()
#3 /var/www/html/rivelian/wp-config.php(93): require_once('/var/www/html/r...')
#4 /var/www/html/rivelian/wp-load.php(37): require_once('/var/www/html/r...')
#5 /var/www/html/rivelian/wp-blog-header.php(13): require_once('/var/www/html/r...')
#6 /var/www/html/rivelian/index.php(17): require('/var/www/html/r...')
#7 {main}
  thrown in /var/www/html/rivelian/wp-includes/wp-db.php on line 1603
[10-May-2020 14:33:11 UTC] PHP Fatal error:  Uncaught Error: Call to undefined function mysqli_init() in /var/www/html/rivelian/wp-includes/wp-db.php:1603
Stack trace:
#0 /var/www/html/rivelian/wp-includes/wp-db.php(631): wpdb->db_connect()
#1 /var/www/html/rivelian/wp-includes/load.php(426): wpdb->__construct('devuser', 'devpass', 'rivelian', 'localhost')
#2 /var/www/html/rivelian/wp-settings.php(126): require_wp_db()
#3 /var/www/html/rivelian/wp-config.php(93): require_once('/var/www/html/r...')
#4 /var/www/html/rivelian/wp-load.php(37): require_once('/var/www/html/r...')
#5 /var/www/html/rivelian/wp-blog-header.php(13): require_once('/var/www/html/r...')
#6 /var/www/html/rivelian/index.php(17): require('/var/www/html/r...')
#7 {main}
  thrown in /var/www/html/rivelian/wp-includes/wp-db.php on line 1603
[10-May-2020 14:33:12 UTC] PHP Fatal error:  Uncaught Error: Call to undefined function mysqli_init() in /var/www/html/rivelian/wp-includes/wp-db.php:1603
Stack trace:
#0 /var/www/html/rivelian/wp-includes/wp-db.php(631): wpdb->db_connect()
#1 /var/www/html/rivelian/wp-includes/load.php(426): wpdb->__construct('devuser', 'devpass', 'rivelian', 'localhost')
#2 /var/www/html/rivelian/wp-settings.php(126): require_wp_db()
#3 /var/www/html/rivelian/wp-config.php(93): require_once('/var/www/html/r...')
#4 /var/www/html/rivelian/wp-load.php(37): require_once('/var/www/html/r...')
#5 /var/www/html/rivelian/wp-blog-header.php(13): require_once('/var/www/html/r...')
#6 /var/www/html/rivelian/index.php(17): require('/var/www/html/r...')
#7 {main}
  thrown in /var/www/html/rivelian/wp-includes/wp-db.php on line 1603
[10-May-2020 14:33:12 UTC] PHP Fatal error:  Uncaught Error: Call to undefined function mysqli_init() in /var/www/html/rivelian/wp-includes/wp-db.php:1603
Stack trace:
#0 /var/www/html/rivelian/wp-includes/wp-db.php(631): wpdb->db_connect()
#1 /var/www/html/rivelian/wp-includes/load.php(426): wpdb->__construct('devuser', 'devpass', 'rivelian', 'localhost')
#2 /var/www/html/rivelian/wp-settings.php(126): require_wp_db()
#3 /var/www/html/rivelian/wp-config.php(93): require_once('/var/www/html/r...')
#4 /var/www/html/rivelian/wp-load.php(37): require_once('/var/www/html/r...')
#5 /var/www/html/rivelian/wp-blog-header.php(13): require_once('/var/www/html/r...')
#6 /var/www/html/rivelian/index.php(17): require('/var/www/html/r...')
#7 {main}
  thrown in /var/www/html/rivelian/wp-includes/wp-db.php on line 1603
[10-May-2020 14:33:13 UTC] PHP Fatal error:  Uncaught Error: Call to undefined function mysqli_init() in /var/www/html/rivelian/wp-includes/wp-db.php:1603
Stack trace:
#0 /var/www/html/rivelian/wp-includes/wp-db.php(631): wpdb->db_connect()
#1 /var/www/html/rivelian/wp-includes/load.php(426): wpdb->__construct('devuser', 'devpass', 'rivelian', 'localhost')
#2 /var/www/html/rivelian/wp-settings.php(126): require_wp_db()
#3 /var/www/html/rivelian/wp-config.php(93): require_once('/var/www/html/r...')
#4 /var/www/html/rivelian/wp-load.php(37): require_once('/var/www/html/r...')
#5 /var/www/html/rivelian/wp-blog-header.php(13): require_once('/var/www/html/r...')
#6 /var/www/html/rivelian/index.php(17): require('/var/www/html/r...')
#7 {main}
  thrown in /var/www/html/rivelian/wp-includes/wp-db.php on line 1603
[10-May-2020 14:33:13 UTC] PHP Fatal error:  Uncaught Error: Call to undefined function mysqli_init() in /var/www/html/rivelian/wp-includes/wp-db.php:1603
Stack trace:
#0 /var/www/html/rivelian/wp-includes/wp-db.php(631): wpdb->db_connect()
#1 /var/www/html/rivelian/wp-includes/load.php(426): wpdb->__construct('devuser', 'devpass', 'rivelian', 'localhost')
#2 /var/www/html/rivelian/wp-settings.php(126): require_wp_db()
#3 /var/www/html/rivelian/wp-config.php(93): require_once('/var/www/html/r...')
#4 /var/www/html/rivelian/wp-load.php(37): require_once('/var/www/html/r...')
#5 /var/www/html/rivelian/wp-blog-header.php(13): require_once('/var/www/html/r...')
#6 /var/www/html/rivelian/index.php(17): require('/var/www/html/r...')
#7 {main}
  thrown in /var/www/html/rivelian/wp-includes/wp-db.php on line 1603
[10-May-2020 14:33:13 UTC] PHP Fatal error:  Uncaught Error: Call to undefined function mysqli_init() in /var/www/html/rivelian/wp-includes/wp-db.php:1603
Stack trace:
#0 /var/www/html/rivelian/wp-includes/wp-db.php(631): wpdb->db_connect()
#1 /var/www/html/rivelian/wp-includes/load.php(426): wpdb->__construct('devuser', 'devpass', 'rivelian', 'localhost')
#2 /var/www/html/rivelian/wp-settings.php(126): require_wp_db()
#3 /var/www/html/rivelian/wp-config.php(93): require_once('/var/www/html/r...')
#4 /var/www/html/rivelian/wp-load.php(37): require_once('/var/www/html/r...')
#5 /var/www/html/rivelian/wp-blog-header.php(13): require_once('/var/www/html/r...')
#6 /var/www/html/rivelian/index.php(17): require('/var/www/html/r...')
#7 {main}
  thrown in /var/www/html/rivelian/wp-includes/wp-db.php on line 1603
[10-May-2020 14:40:55 UTC] PHP Warning:  mysqli_real_connect(): (HY000/2002): No such file or directory in /var/www/html/rivelian/wp-includes/wp-db.php on line 1626
[10-May-2020 14:41:18 UTC] PHP Warning:  mysqli_real_connect(): (HY000/2002): No such file or directory in /var/www/html/rivelian/wp-includes/wp-db.php on line 1626
[10-May-2020 14:41:19 UTC] PHP Warning:  mysqli_real_connect(): (HY000/2002): No such file or directory in /var/www/html/rivelian/wp-includes/wp-db.php on line 1626
[10-May-2020 14:41:20 UTC] PHP Warning:  mysqli_real_connect(): (HY000/2002): No such file or directory in /var/www/html/rivelian/wp-includes/wp-db.php on line 1626
[10-May-2020 14:41:24 UTC] PHP Warning:  mysqli_real_connect(): (HY000/2002): No such file or directory in /var/www/html/rivelian/wp-includes/wp-db.php on line 1626
[10-May-2020 14:42:21 UTC] PHP Warning:  mysqli_real_connect(): (HY000/2002): No such file or directory in /var/www/html/rivelian/wp-includes/wp-db.php on line 1626
[10-May-2020 14:42:23 UTC] PHP Warning:  mysqli_real_connect(): (HY000/2002): No such file or directory in /var/www/html/rivelian/wp-includes/wp-db.php on line 1626
[10-May-2020 14:42:33 UTC] PHP Warning:  mysqli_real_connect(): (HY000/2002): No such file or directory in /var/www/html/rivelian/wp-includes/wp-db.php on line 1626
[10-May-2020 14:42:41 UTC] PHP Warning:  mysqli_real_connect(): (HY000/2002): No such file or directory in /var/www/html/rivelian/wp-includes/wp-db.php on line 1626
[10-May-2020 14:45:21 UTC] PHP Warning:  mysqli_real_connect(): (HY000/2002): No such file or directory in /var/www/html/rivelian/wp-includes/wp-db.php on line 1626
[10-May-2020 14:45:22 UTC] PHP Warning:  mysqli_real_connect(): (HY000/2002): No such file or directory in /var/www/html/rivelian/wp-includes/wp-db.php on line 1626
[10-May-2020 15:15:36 UTC] PHP Warning:  mysqli_real_connect(): (HY000/2002): No such file or directory in /var/www/html/rivelian/wp-includes/wp-db.php on line 1626
[10-May-2020 15:15:37 UTC] PHP Warning:  mysqli_real_connect(): (HY000/2002): No such file or directory in /var/www/html/rivelian/wp-includes/wp-db.php on line 1626
[10-May-2020 15:15:38 UTC] PHP Warning:  mysqli_real_connect(): (HY000/2002): No such file or directory in /var/www/html/rivelian/wp-includes/wp-db.php on line 1626
[10-May-2020 15:19:09 UTC] PHP Warning:  mysqli_real_connect(): (HY000/2002): No such file or directory in /var/www/html/rivelian/wp-includes/wp-db.php on line 1626
[10-May-2020 15:22:41 UTC] PHP Warning:  mysqli_real_connect(): (HY000/2002): Connection refused in /var/www/html/rivelian/wp-includes/wp-db.php on line 1626
[10-May-2020 15:22:43 UTC] PHP Warning:  mysqli_real_connect(): (HY000/2002): Connection refused in /var/www/html/rivelian/wp-includes/wp-db.php on line 1626
[10-May-2020 15:23:07 UTC] PHP Warning:  mysqli_real_connect(): (HY000/2002): Connection refused in /var/www/html/rivelian/wp-includes/wp-db.php on line 1626
[10-May-2020 15:23:08 UTC] PHP Warning:  mysqli_real_connect(): (HY000/2002): Connection refused in /var/www/html/rivelian/wp-includes/wp-db.php on line 1626
[10-May-2020 15:23:09 UTC] PHP Warning:  mysqli_real_connect(): (HY000/2002): Connection refused in /var/www/html/rivelian/wp-includes/wp-db.php on line 1626
[10-May-2020 15:23:38 UTC] PHP Warning:  mysqli_real_connect(): (HY000/2002): Connection refused in /var/www/html/rivelian/wp-includes/wp-db.php on line 1626
[10-May-2020 15:24:59 UTC] PHP Warning:  mysqli_real_connect(): (HY000/2002): Connection refused in /var/www/html/rivelian/wp-includes/wp-db.php on line 1626
[10-May-2020 15:25:01 UTC] PHP Warning:  mysqli_real_connect(): (HY000/2002): Connection refused in /var/www/html/rivelian/wp-includes/wp-db.php on line 1626
[10-May-2020 15:25:01 UTC] PHP Warning:  mysqli_real_connect(): (HY000/2002): Connection refused in /var/www/html/rivelian/wp-includes/wp-db.php on line 1626
[10-May-2020 15:25:02 UTC] PHP Warning:  mysqli_real_connect(): (HY000/2002): Connection refused in /var/www/html/rivelian/wp-includes/wp-db.php on line 1626
[10-May-2020 15:25:03 UTC] PHP Warning:  mysqli_real_connect(): (HY000/2002): Connection refused in /var/www/html/rivelian/wp-includes/wp-db.php on line 1626
[10-May-2020 15:25:30 UTC] PHP Warning:  mysqli_real_connect(): (HY000/2002): Connection refused in /var/www/html/rivelian/wp-includes/wp-db.php on line 1626
[10-May-2020 15:25:32 UTC] PHP Warning:  mysqli_real_connect(): (HY000/2002): Connection refused in /var/www/html/rivelian/wp-includes/wp-db.php on line 1626
[10-May-2020 15:25:48 UTC] PHP Warning:  mysqli_real_connect(): (HY000/2002): Connection refused in /var/www/html/rivelian/wp-includes/wp-db.php on line 1626
[10-May-2020 15:25:49 UTC] PHP Warning:  mysqli_real_connect(): (HY000/2002): Connection refused in /var/www/html/rivelian/wp-includes/wp-db.php on line 1626
[10-May-2020 15:25:50 UTC] PHP Warning:  mysqli_real_connect(): (HY000/2002): Connection refused in /var/www/html/rivelian/wp-includes/wp-db.php on line 1626
[10-May-2020 15:26:03 UTC] PHP Warning:  mysqli_real_connect(): (HY000/2002): Connection refused in /var/www/html/rivelian/wp-includes/wp-db.php on line 1626
[10-May-2020 15:26:04 UTC] PHP Warning:  mysqli_real_connect(): (HY000/2002): Connection refused in /var/www/html/rivelian/wp-includes/wp-db.php on line 1626
[10-May-2020 15:26:04 UTC] PHP Warning:  mysqli_real_connect(): (HY000/2002): Connection refused in /var/www/html/rivelian/wp-includes/wp-db.php on line 1626
[10-May-2020 15:26:04 UTC] PHP Warning:  mysqli_real_connect(): (HY000/2002): Connection refused in /var/www/html/rivelian/wp-includes/wp-db.php on line 1626
[10-May-2020 15:26:04 UTC] PHP Warning:  mysqli_real_connect(): (HY000/2002): Connection refused in /var/www/html/rivelian/wp-includes/wp-db.php on line 1626
[10-May-2020 15:26:37 UTC] PHP Warning:  mysqli_real_connect(): (HY000/2002): Connection refused in /var/www/html/rivelian/wp-includes/wp-db.php on line 1626
[10-May-2020 15:30:57 UTC] PHP Warning:  mysqli_real_connect(): (HY000/2002): Connection refused in /var/www/html/rivelian/wp-includes/wp-db.php on line 1626
[10-May-2020 15:30:58 UTC] PHP Warning:  mysqli_real_connect(): (HY000/2002): Connection refused in /var/www/html/rivelian/wp-includes/wp-db.php on line 1626
[10-May-2020 15:31:21 UTC] PHP Warning:  mysqli_real_connect(): (HY000/2002): Connection refused in /var/www/html/rivelian/wp-includes/wp-db.php on line 1626
[10-May-2020 15:31:22 UTC] PHP Warning:  mysqli_real_connect(): (HY000/2002): Connection refused in /var/www/html/rivelian/wp-includes/wp-db.php on line 1626
[10-May-2020 15:31:23 UTC] PHP Warning:  mysqli_real_connect(): (HY000/2002): Connection refused in /var/www/html/rivelian/wp-includes/wp-db.php on line 1626
[10-May-2020 15:31:35 UTC] PHP Warning:  mysqli_real_connect(): (HY000/2002): Connection refused in /var/www/html/rivelian/wp-includes/wp-db.php on line 1626
[10-May-2020 15:31:36 UTC] PHP Warning:  mysqli_real_connect(): (HY000/2002): Connection refused in /var/www/html/rivelian/wp-includes/wp-db.php on line 1626
[10-May-2020 15:31:46 UTC] PHP Warning:  mysqli_real_connect(): php_network_getaddresses: getaddrinfo failed: Name or service not known in /var/www/html/rivelian/wp-includes/wp-db.php on line 1626
[10-May-2020 15:31:46 UTC] PHP Warning:  mysqli_real_connect(): (HY000/2002): php_network_getaddresses: getaddrinfo failed: Name or service not known in /var/www/html/rivelian/wp-includes/wp-db.php on line 1626
[10-May-2020 15:31:54 UTC] PHP Warning:  mysqli_real_connect(): (HY000/2002): Connection refused in /var/www/html/rivelian/wp-includes/wp-db.php on line 1626
[10-May-2020 15:31:55 UTC] PHP Warning:  mysqli_real_connect(): (HY000/2002): Connection refused in /var/www/html/rivelian/wp-includes/wp-db.php on line 1626
[10-May-2020 15:32:02 UTC] PHP Warning:  mysqli_real_connect(): (HY000/2002): Connection refused in /var/www/html/rivelian/wp-includes/wp-db.php on line 1626
[10-May-2020 15:32:16 UTC] PHP Warning:  mysqli_real_connect(): (HY000/2002): No such file or directory in /var/www/html/rivelian/wp-includes/wp-db.php on line 1626
[10-May-2020 15:32:26 UTC] PHP Warning:  mysqli_real_connect(): (HY000/2002): Connection refused in /var/www/html/rivelian/wp-includes/wp-db.php on line 1626
[10-May-2020 15:32:27 UTC] PHP Warning:  mysqli_real_connect(): (HY000/2002): Connection refused in /var/www/html/rivelian/wp-includes/wp-db.php on line 1626
[10-May-2020 15:32:28 UTC] PHP Warning:  mysqli_real_connect(): (HY000/2002): Connection refused in /var/www/html/rivelian/wp-includes/wp-db.php on line 1626
[10-May-2020 15:32:28 UTC] PHP Warning:  mysqli_real_connect(): (HY000/2002): Connection refused in /var/www/html/rivelian/wp-includes/wp-db.php on line 1626
[10-May-2020 15:32:28 UTC] PHP Warning:  mysqli_real_connect(): (HY000/2002): Connection refused in /var/www/html/rivelian/wp-includes/wp-db.php on line 1626
[10-May-2020 15:32:28 UTC] PHP Warning:  mysqli_real_connect(): (HY000/2002): Connection refused in /var/www/html/rivelian/wp-includes/wp-db.php on line 1626
